[2024-01-03 10:36:16 INFO  main] [com.green.greengram3.feed.FeedIntegrationTest] Starting FeedIntegrationTest using Java 17.0.8.1 with PID 9808 (started by Administrator in D:\2023_second\java\greengram3)
[2024-01-03 10:36:16 INFO  main] [com.green.greengram3.feed.FeedIntegrationTest] No active profile set, falling back to 1 default profile: "default"
[2024-01-03 10:36:17 INFO  main] [org.springframework.boot.web.embedded.tomcat.TomcatWebServer] Tomcat initialized with port 0 (http)
[2024-01-03 10:36:17 INFO  main] [org.apache.coyote.http11.Http11NioProtocol] Initializing ProtocolHandler ["http-nio-auto-1"]
[2024-01-03 10:36:17 INFO  main] [org.apache.catalina.core.StandardService] Starting service [Tomcat]
[2024-01-03 10:36:17 INFO  main] [org.apache.catalina.core.StandardEngine] Starting Servlet engine: [Apache Tomcat/10.1.16]
[2024-01-03 10:36:17 INFO  main] [org.apache.catalina.core.ContainerBase.[Tomcat].[localhost].[/]] Initializing Spring embedded WebApplicationContext
[2024-01-03 10:36:17 INFO  main] [org.springframework.boot.web.servlet.context.ServletWebServerApplicationContext] Root WebApplicationContext: initialization completed in 1057 ms
[2024-01-03 10:36:17 INFO  main] [com.green.greengram3.common.FirebaseConfiguration] FirebaseApp Initialization Complete !!!
[2024-01-03 10:36:18 INFO  main] [org.springframework.boot.autoconfigure.web.servlet.WelcomePageHandlerMapping] Adding welcome page: class path resource [static/index.html]
[2024-01-03 10:36:18 INFO  main] [org.apache.catalina.core.ContainerBase.[Tomcat].[localhost].[/]] Initializing Spring TestDispatcherServlet ''
[2024-01-03 10:36:18 INFO  main] [org.springframework.test.web.servlet.TestDispatcherServlet] Initializing Servlet ''
[2024-01-03 10:36:18 INFO  main] [org.springframework.test.web.servlet.TestDispatcherServlet] Completed initialization in 1 ms
[2024-01-03 10:36:18 INFO  main] [org.apache.coyote.http11.Http11NioProtocol] Starting ProtocolHandler ["http-nio-auto-1"]
[2024-01-03 10:36:18 INFO  main] [org.springframework.boot.web.embedded.tomcat.TomcatWebServer] Tomcat started on port 50761 (http) with context path ''
[2024-01-03 10:36:18 INFO  main] [com.green.greengram3.feed.FeedIntegrationTest] Started FeedIntegrationTest in 2.32 seconds (process running for 3.249)
[2024-01-03 10:36:18 INFO  main] [com.zaxxer.hikari.HikariDataSource] HikariPool-1 - Starting...
[2024-01-03 10:36:18 INFO  main] [com.zaxxer.hikari.pool.HikariPool] HikariPool-1 - Added connection org.mariadb.jdbc.Connection@62b42406
[2024-01-03 10:36:18 INFO  main] [com.zaxxer.hikari.HikariDataSource] HikariPool-1 - Start completed.
[2024-01-03 10:36:19 INFO  main] [com.green.greengram3.feed.FeedService] feedAffectedRows:1
[2024-01-03 10:36:19 INFO  main] [com.green.greengram3.feed.FeedService] feedPicsAffectedRows:1
[2024-01-03 10:36:19 INFO  SpringApplicationShutdownHook] [com.zaxxer.hikari.HikariDataSource] HikariPool-1 - Shutdown initiated...
[2024-01-03 10:36:19 INFO  SpringApplicationShutdownHook] [com.zaxxer.hikari.HikariDataSource] HikariPool-1 - Shutdown completed.
[2024-01-03 10:36:42 [32mINFO [0;39m restartedMain] [com.green.greengram3.Greengram3Application] [36mStarting Greengram3Application using Java 17.0.8.1 with PID 6696 (D:\2023_second\java\greengram3\target\classes started by Administrator in D:\2023_second\java\greengram3)[0;39m
[2024-01-03 10:36:42 [32mINFO [0;39m restartedMain] [com.green.greengram3.Greengram3Application] [36mNo active profile set, falling back to 1 default profile: "default"[0;39m
[2024-01-03 10:36:42 [32mINFO [0;39m restartedMain] [org.springframework.boot.devtools.env.DevToolsPropertyDefaultsPostProcessor] [36mDevtools property defaults active! Set 'spring.devtools.add-properties' to 'false' to disable[0;39m
[2024-01-03 10:36:42 [32mINFO [0;39m restartedMain] [org.springframework.boot.devtools.env.DevToolsPropertyDefaultsPostProcessor] [36mFor additional web related logging consider setting the 'logging.level.web' property to 'DEBUG'[0;39m
[2024-01-03 10:36:43 [32mINFO [0;39m restartedMain] [org.springframework.boot.web.embedded.tomcat.TomcatWebServer] [36mTomcat initialized with port 8082 (http)[0;39m
[2024-01-03 10:36:43 [32mINFO [0;39m restartedMain] [org.apache.coyote.http11.Http11NioProtocol] [36mInitializing ProtocolHandler ["http-nio-8082"][0;39m
[2024-01-03 10:36:43 [32mINFO [0;39m restartedMain] [org.apache.catalina.core.StandardService] [36mStarting service [Tomcat][0;39m
[2024-01-03 10:36:43 [32mINFO [0;39m restartedMain] [org.apache.catalina.core.StandardEngine] [36mStarting Servlet engine: [Apache Tomcat/10.1.16][0;39m
[2024-01-03 10:36:43 [32mINFO [0;39m restartedMain] [org.apache.catalina.core.ContainerBase.[Tomcat].[localhost].[/]] [36mInitializing Spring embedded WebApplicationContext[0;39m
[2024-01-03 10:36:43 [32mINFO [0;39m restartedMain] [org.springframework.boot.web.servlet.context.ServletWebServerApplicationContext] [36mRoot WebApplicationContext: initialization completed in 808 ms[0;39m
[2024-01-03 10:36:43 [32mINFO [0;39m restartedMain] [com.green.greengram3.common.FirebaseConfiguration] [36mFirebaseApp Initialization Complete !!![0;39m
[2024-01-03 10:36:43 [32mINFO [0;39m restartedMain] [org.springframework.boot.autoconfigure.web.servlet.WelcomePageHandlerMapping] [36mAdding welcome page: class path resource [static/index.html][0;39m
[2024-01-03 10:36:43 [32mINFO [0;39m restartedMain] [org.springframework.boot.devtools.autoconfigure.OptionalLiveReloadServer] [36mLiveReload server is running on port 35729[0;39m
[2024-01-03 10:36:43 [32mINFO [0;39m restartedMain] [org.apache.coyote.http11.Http11NioProtocol] [36mStarting ProtocolHandler ["http-nio-8082"][0;39m
[2024-01-03 10:36:43 [32mINFO [0;39m restartedMain] [org.springframework.boot.web.embedded.tomcat.TomcatWebServer] [36mTomcat started on port 8082 (http) with context path ''[0;39m
[2024-01-03 10:36:43 [32mINFO [0;39m restartedMain] [com.green.greengram3.Greengram3Application] [36mStarted Greengram3Application in 1.745 seconds (process running for 2.18)[0;39m
[2024-01-03 10:36:45 [32mINFO [0;39m http-nio-8082-exec-1] [org.apache.catalina.core.ContainerBase.[Tomcat].[localhost].[/]] [36mInitializing Spring DispatcherServlet 'dispatcherServlet'[0;39m
[2024-01-03 10:36:45 [32mINFO [0;39m http-nio-8082-exec-1] [org.springframework.web.servlet.DispatcherServlet] [36mInitializing Servlet 'dispatcherServlet'[0;39m
[2024-01-03 10:36:45 [32mINFO [0;39m http-nio-8082-exec-1] [org.springframework.web.servlet.DispatcherServlet] [36mCompleted initialization in 1 ms[0;39m
[2024-01-03 10:36:45 [32mINFO [0;39m http-nio-8082-exec-4] [com.green.greengram3.feed.FeedController] [36mdto: FeedSelDto(page=0, loginedIuser=2, targetIuser=0, isFavList=0, startIdx=0, rowCount=30)[0;39m
[2024-01-03 10:36:45 [32mINFO [0;39m http-nio-8082-exec-4] [com.zaxxer.hikari.HikariDataSource] [36mHikariPool-1 - Starting...[0;39m
[2024-01-03 10:36:45 [32mINFO [0;39m http-nio-8082-exec-4] [com.zaxxer.hikari.pool.HikariPool] [36mHikariPool-1 - Added connection org.mariadb.jdbc.Connection@f931167[0;39m
[2024-01-03 10:36:45 [32mINFO [0;39m http-nio-8082-exec-4] [com.zaxxer.hikari.HikariDataSource] [36mHikariPool-1 - Start completed.[0;39m
[2024-01-03 10:36:56 [32mINFO [0;39m http-nio-8082-exec-7] [com.green.greengram3.feed.FeedController] [36mdto: FeedSelDto(page=0, loginedIuser=2, targetIuser=0, isFavList=0, startIdx=0, rowCount=30)[0;39m
[2024-01-03 10:36:57 [32mINFO [0;39m http-nio-8082-exec-8] [com.green.greengram3.feed.FeedController] [36mdto: FeedSelDto(page=0, loginedIuser=2, targetIuser=0, isFavList=0, startIdx=0, rowCount=30)[0;39m
[2024-01-03 10:37:01 [32mINFO [0;39m http-nio-8082-exec-3] [com.green.greengram3.feed.FeedController] [36mdto: FeedSelDto(page=0, loginedIuser=2, targetIuser=0, isFavList=0, startIdx=30, rowCount=30)[0;39m
[2024-01-03 10:37:01 [32mINFO [0;39m http-nio-8082-exec-5] [com.green.greengram3.feed.FeedController] [36mdto: FeedSelDto(page=0, loginedIuser=2, targetIuser=0, isFavList=0, startIdx=60, rowCount=30)[0;39m
[2024-01-03 10:37:01 [32mINFO [0;39m http-nio-8082-exec-9] [com.green.greengram3.feed.FeedController] [36mdto: FeedSelDto(page=0, loginedIuser=2, targetIuser=0, isFavList=0, startIdx=90, rowCount=30)[0;39m
[2024-01-03 10:37:01 [32mINFO [0;39m http-nio-8082-exec-1] [com.green.greengram3.feed.FeedController] [36mdto: FeedSelDto(page=0, loginedIuser=2, targetIuser=0, isFavList=0, startIdx=120, rowCount=30)[0;39m
[2024-01-03 10:37:01 [32mINFO [0;39m http-nio-8082-exec-2] [com.green.greengram3.feed.FeedController] [36mdto: FeedSelDto(page=0, loginedIuser=2, targetIuser=0, isFavList=0, startIdx=150, rowCount=30)[0;39m
[2024-01-03 10:37:01 [32mINFO [0;39m http-nio-8082-exec-4] [com.green.greengram3.feed.FeedController] [36mdto: FeedSelDto(page=0, loginedIuser=2, targetIuser=0, isFavList=0, startIdx=180, rowCount=30)[0;39m
[2024-01-03 10:37:01 [32mINFO [0;39m http-nio-8082-exec-7] [com.green.greengram3.feed.FeedController] [36mdto: FeedSelDto(page=0, loginedIuser=2, targetIuser=0, isFavList=0, startIdx=210, rowCount=30)[0;39m
[2024-01-03 10:37:01 [32mINFO [0;39m http-nio-8082-exec-10] [com.green.greengram3.feed.FeedController] [36mdto: FeedSelDto(page=0, loginedIuser=2, targetIuser=0, isFavList=0, startIdx=240, rowCount=30)[0;39m
[2024-01-03 10:37:01 [32mINFO [0;39m http-nio-8082-exec-6] [com.green.greengram3.feed.FeedController] [36mdto: FeedSelDto(page=0, loginedIuser=2, targetIuser=0, isFavList=0, startIdx=270, rowCount=30)[0;39m
[2024-01-03 10:37:01 [32mINFO [0;39m http-nio-8082-exec-8] [com.green.greengram3.feed.FeedController] [36mdto: FeedSelDto(page=0, loginedIuser=2, targetIuser=0, isFavList=0, startIdx=300, rowCount=30)[0;39m
[2024-01-03 10:37:01 [32mINFO [0;39m http-nio-8082-exec-3] [com.green.greengram3.feed.FeedController] [36mdto: FeedSelDto(page=0, loginedIuser=2, targetIuser=0, isFavList=0, startIdx=330, rowCount=30)[0;39m
[2024-01-03 10:37:01 [32mINFO [0;39m http-nio-8082-exec-5] [com.green.greengram3.feed.FeedController] [36mdto: FeedSelDto(page=0, loginedIuser=2, targetIuser=0, isFavList=0, startIdx=360, rowCount=30)[0;39m
[2024-01-03 10:37:01 [32mINFO [0;39m http-nio-8082-exec-9] [com.green.greengram3.feed.FeedController] [36mdto: FeedSelDto(page=0, loginedIuser=2, targetIuser=0, isFavList=0, startIdx=390, rowCount=30)[0;39m
[2024-01-03 10:37:03 [32mINFO [0;39m http-nio-8082-exec-1] [com.green.greengram3.feed.FeedController] [36mdto: FeedSelDto(page=0, loginedIuser=2, targetIuser=0, isFavList=0, startIdx=420, rowCount=30)[0;39m
[2024-01-03 10:37:03 [32mINFO [0;39m http-nio-8082-exec-2] [com.green.greengram3.feed.FeedController] [36mdto: FeedSelDto(page=0, loginedIuser=2, targetIuser=0, isFavList=0, startIdx=450, rowCount=30)[0;39m
[2024-01-03 10:37:03 [32mINFO [0;39m http-nio-8082-exec-4] [com.green.greengram3.feed.FeedController] [36mdto: FeedSelDto(page=0, loginedIuser=2, targetIuser=0, isFavList=0, startIdx=480, rowCount=30)[0;39m
[2024-01-03 10:37:03 [32mINFO [0;39m http-nio-8082-exec-7] [com.green.greengram3.feed.FeedController] [36mdto: FeedSelDto(page=0, loginedIuser=2, targetIuser=0, isFavList=0, startIdx=510, rowCount=30)[0;39m
[2024-01-03 10:37:04 [32mINFO [0;39m http-nio-8082-exec-10] [com.green.greengram3.feed.FeedController] [36mdto: FeedSelDto(page=0, loginedIuser=2, targetIuser=0, isFavList=0, startIdx=540, rowCount=30)[0;39m
[2024-01-03 10:37:04 [32mINFO [0;39m http-nio-8082-exec-6] [com.green.greengram3.feed.FeedController] [36mdto: FeedSelDto(page=0, loginedIuser=2, targetIuser=0, isFavList=0, startIdx=570, rowCount=30)[0;39m
[2024-01-03 10:37:04 [32mINFO [0;39m http-nio-8082-exec-8] [com.green.greengram3.feed.FeedController] [36mdto: FeedSelDto(page=0, loginedIuser=2, targetIuser=0, isFavList=0, startIdx=600, rowCount=30)[0;39m
[2024-01-03 10:37:04 [32mINFO [0;39m http-nio-8082-exec-3] [com.green.greengram3.feed.FeedController] [36mdto: FeedSelDto(page=0, loginedIuser=2, targetIuser=0, isFavList=0, startIdx=630, rowCount=30)[0;39m
[2024-01-03 10:37:06 [32mINFO [0;39m http-nio-8082-exec-1] [com.green.greengram3.dm.DmController] [36mdto: DmMsgSelDto(page=0, idm=10, startIdx=0, rowCount=30)[0;39m
[2024-01-03 10:37:12 [32mINFO [0;39m http-nio-8082-exec-2] [com.green.greengram3.dm.DmService] [36mbody: {"seq":33,"writerIuser":2,"writerPic":"동현잉.jpg","msg":"gd","createdAt":"2024-01-03 10:37:12","idm":10}[0;39m
[2024-01-03 10:37:14 [32mINFO [0;39m http-nio-8082-exec-4] [com.green.greengram3.dm.DmService] [36mbody: {"seq":34,"writerIuser":2,"writerPic":"동현잉.jpg","msg":"gd","createdAt":"2024-01-03 10:37:14","idm":10}[0;39m
[2024-01-03 10:37:17 [32mINFO [0;39m http-nio-8082-exec-7] [com.green.greengram3.dm.DmService] [36mbody: {"seq":35,"writerIuser":2,"writerPic":"동현잉.jpg","msg":"ㅎㅇ","createdAt":"2024-01-03 10:37:17","idm":10}[0;39m
[2024-01-03 10:37:25 [32mINFO [0;39m http-nio-8082-exec-10] [com.green.greengram3.user.UserController] [36mdto: UserSigninDto(uid=최동현, upw=ehdgus)[0;39m
[2024-01-03 10:37:25 [32mINFO [0;39m http-nio-8082-exec-6] [com.green.greengram3.feed.FeedController] [36mdto: FeedSelDto(page=0, loginedIuser=2, targetIuser=0, isFavList=0, startIdx=0, rowCount=30)[0;39m
[2024-01-03 10:37:28 [32mINFO [0;39m http-nio-8082-exec-9] [com.green.greengram3.feed.FeedController] [36mdto: FeedSelDto(page=0, loginedIuser=2, targetIuser=2, isFavList=0, startIdx=0, rowCount=30)[0;39m
[2024-01-03 10:37:28 [32mINFO [0;39m http-nio-8082-exec-5] [com.green.greengram3.user.UserController] [36mdto: UserInfoSelDto(targetIuser=2, loginedIuser=2)[0;39m
[2024-01-03 10:37:28 [32mINFO [0;39m http-nio-8082-exec-1] [com.green.greengram3.feed.FeedController] [36mdto: FeedSelDto(page=0, loginedIuser=2, targetIuser=0, isFavList=1, startIdx=0, rowCount=30)[0;39m
[2024-01-03 10:37:35 [32mINFO [0;39m http-nio-8082-exec-6] [com.green.greengram3.user.UserController] [36mdto: UserSigninDto(uid=양동현, upw=ehdgus)[0;39m
[2024-01-03 10:37:35 [32mINFO [0;39m http-nio-8082-exec-8] [com.green.greengram3.feed.FeedController] [36mdto: FeedSelDto(page=0, loginedIuser=3, targetIuser=0, isFavList=0, startIdx=0, rowCount=30)[0;39m
[2024-01-03 10:37:37 [32mINFO [0;39m http-nio-8082-exec-9] [com.green.greengram3.dm.DmController] [36mdto: DmMsgSelDto(page=0, idm=1, startIdx=0, rowCount=30)[0;39m
[2024-01-03 10:37:41 [32mINFO [0;39m http-nio-8082-exec-1] [com.green.greengram3.feed.FeedController] [36mdto: FeedSelDto(page=0, loginedIuser=3, targetIuser=0, isFavList=0, startIdx=0, rowCount=30)[0;39m
[2024-01-03 11:38:24 [32mINFO [0;39m SpringApplicationShutdownHook] [com.zaxxer.hikari.HikariDataSource] [36mHikariPool-1 - Shutdown initiated...[0;39m
[2024-01-03 11:38:24 [32mINFO [0;39m SpringApplicationShutdownHook] [com.zaxxer.hikari.HikariDataSource] [36mHikariPool-1 - Shutdown completed.[0;39m
[2024-01-03 11:38:30 INFO  main] [com.green.greengram3.feed.FeedIntegrationTest] Starting FeedIntegrationTest using Java 17.0.8.1 with PID 2460 (started by Administrator in D:\2023_second\java\greengram3)
[2024-01-03 11:38:30 INFO  main] [com.green.greengram3.feed.FeedIntegrationTest] No active profile set, falling back to 1 default profile: "default"
[2024-01-03 11:38:30 INFO  main] [org.springframework.boot.web.embedded.tomcat.TomcatWebServer] Tomcat initialized with port 0 (http)
[2024-01-03 11:38:30 INFO  main] [org.apache.coyote.http11.Http11NioProtocol] Initializing ProtocolHandler ["http-nio-auto-1"]
[2024-01-03 11:38:30 INFO  main] [org.apache.catalina.core.StandardService] Starting service [Tomcat]
[2024-01-03 11:38:30 INFO  main] [org.apache.catalina.core.StandardEngine] Starting Servlet engine: [Apache Tomcat/10.1.16]
[2024-01-03 11:38:31 INFO  main] [org.apache.catalina.core.ContainerBase.[Tomcat].[localhost].[/]] Initializing Spring embedded WebApplicationContext
[2024-01-03 11:38:31 INFO  main] [org.springframework.boot.web.servlet.context.ServletWebServerApplicationContext] Root WebApplicationContext: initialization completed in 875 ms
[2024-01-03 11:38:31 INFO  main] [com.green.greengram3.common.FirebaseConfiguration] FirebaseApp Initialization Complete !!!
[2024-01-03 11:38:31 INFO  main] [org.springframework.boot.autoconfigure.web.servlet.WelcomePageHandlerMapping] Adding welcome page: class path resource [static/index.html]
[2024-01-03 11:38:31 INFO  main] [org.apache.catalina.core.ContainerBase.[Tomcat].[localhost].[/]] Initializing Spring TestDispatcherServlet ''
[2024-01-03 11:38:31 INFO  main] [org.springframework.test.web.servlet.TestDispatcherServlet] Initializing Servlet ''
[2024-01-03 11:38:31 INFO  main] [org.springframework.test.web.servlet.TestDispatcherServlet] Completed initialization in 1 ms
[2024-01-03 11:38:31 INFO  main] [org.apache.coyote.http11.Http11NioProtocol] Starting ProtocolHandler ["http-nio-auto-1"]
[2024-01-03 11:38:31 INFO  main] [org.springframework.boot.web.embedded.tomcat.TomcatWebServer] Tomcat started on port 51372 (http) with context path ''
[2024-01-03 11:38:31 INFO  main] [com.green.greengram3.feed.FeedIntegrationTest] Started FeedIntegrationTest in 1.887 seconds (process running for 2.688)
[2024-01-03 11:38:31 INFO  main] [com.zaxxer.hikari.HikariDataSource] HikariPool-1 - Starting...
[2024-01-03 11:38:31 INFO  main] [com.zaxxer.hikari.pool.HikariPool] HikariPool-1 - Added connection org.mariadb.jdbc.Connection@7809b43a
[2024-01-03 11:38:31 INFO  main] [com.zaxxer.hikari.HikariDataSource] HikariPool-1 - Start completed.
[2024-01-03 11:38:32 INFO  main] [com.green.greengram3.feed.FeedController] dto: FeedDelDto(ifeed=10, iuser=1)
[2024-01-03 11:38:32 INFO  SpringApplicationShutdownHook] [com.zaxxer.hikari.HikariDataSource] HikariPool-1 - Shutdown initiated...
[2024-01-03 11:38:32 INFO  SpringApplicationShutdownHook] [com.zaxxer.hikari.HikariDataSource] HikariPool-1 - Shutdown completed.
